<?xml version="1.0" encoding="UTF-8"?>
<robot generator="Robot 7.3.1 (Python 3.9.1 on win32)" generated="2025-06-27T04:35:40.462319" rpa="false" schemaversion="5">
<suite id="s1" name="AdicionarNoCarrinhoTest" source="d:\Dantas\Automacao\Robot Framework\robot-framework-project-kabum\tests\AdicionarNoCarrinhoTest.robot">
<test id="s1-t1" name="Adicionar produto ao carrinho com sucesso" line="12">
<kw name="Dado que o usuario acessa a loja Kabum" owner="HeaderKeywords">
<kw name="Open Browser" owner="SeleniumLibrary">
<msg time="2025-06-27T04:35:40.856151" level="INFO">Opening browser 'chrome' to base url 'https://www.kabum.com.br'.</msg>
<arg>https://www.kabum.com.br</arg>
<arg>chrome</arg>
<doc>Opens a new browser instance to the optional ``url``.</doc>
<status status="PASS" start="2025-06-27T04:35:40.856151" elapsed="6.693987"/>
</kw>
<kw name="Maximize Browser Window" owner="SeleniumLibrary">
<doc>Maximizes current browser window.</doc>
<status status="PASS" start="2025-06-27T04:35:47.550138" elapsed="0.549999"/>
</kw>
<kw name="Lidar com cookies e aviso" owner="HeaderPage">
<kw name="Wait Until Element Is Visible" owner="SeleniumLibrary">
<arg>${BOTAO_ENTENDI_COOKIES}</arg>
<doc>Waits until the element ``locator`` is visible.</doc>
<status status="PASS" start="2025-06-27T04:35:48.102138" elapsed="0.023001"/>
</kw>
<kw name="Click Element" owner="SeleniumLibrary">
<msg time="2025-06-27T04:35:48.126138" level="INFO">Clicking element 'id:onetrust-accept-btn-handler'.</msg>
<arg>${BOTAO_ENTENDI_COOKIES}</arg>
<doc>Click the element identified by ``locator``.</doc>
<status status="PASS" start="2025-06-27T04:35:48.126138" elapsed="0.177003"/>
</kw>
<kw name="Wait Until Element Is Enabled" owner="SeleniumLibrary">
<arg>${BOTAO_TALVEZ_DEPOIS}</arg>
<doc>Waits until the element ``locator`` is enabled.</doc>
<status status="PASS" start="2025-06-27T04:35:48.304142" elapsed="0.442994"/>
</kw>
<kw name="Click Element" owner="SeleniumLibrary">
<msg time="2025-06-27T04:35:48.747136" level="INFO">Clicking element 'xpath=//div[.='Talvez depois']'.</msg>
<arg>${BOTAO_TALVEZ_DEPOIS}</arg>
<doc>Click the element identified by ``locator``.</doc>
<status status="PASS" start="2025-06-27T04:35:48.747136" elapsed="0.292005"/>
</kw>
<status status="PASS" start="2025-06-27T04:35:48.101138" elapsed="0.938003"/>
</kw>
<status status="PASS" start="2025-06-27T04:35:40.854153" elapsed="8.184988"/>
</kw>
<kw name="E pesquisa por" owner="HeaderKeywords">
<kw name="Wait Until Element Is Visible" owner="SeleniumLibrary">
<arg>${CAMPO_BUSCAR}</arg>
<doc>Waits until the element ``locator`` is visible.</doc>
<status status="PASS" start="2025-06-27T04:35:49.043139" elapsed="0.095016"/>
</kw>
<kw name="Digita no campo de busca" owner="HeaderPage">
<kw name="Execute Javascript" owner="SeleniumLibrary">
<msg time="2025-06-27T04:35:49.140144" level="INFO">Executing JavaScript:
const el = document.getElementById("inputBusca");const setter = Object.getOwnPropertyDescriptor(window.HTMLInputElement.prototype, 'value').set;setter.call(el, "notebooks");el.dispatchEvent(new Event('input', { bubbles: true }));
Without any arguments.</msg>
<arg>const el = document.getElementById("inputBusca");</arg>
<arg>const setter = Object.getOwnPropertyDescriptor(window.HTMLInputElement.prototype, 'value').set;</arg>
<arg>setter.call(el, "${texto}");</arg>
<arg>el.dispatchEvent(new Event('input', { bubbles: true }));</arg>
<doc>Executes the given JavaScript code with possible arguments.</doc>
<status status="PASS" start="2025-06-27T04:35:49.139143" elapsed="0.037021"/>
</kw>
<kw name="Execute Javascript" owner="SeleniumLibrary">
<msg time="2025-06-27T04:35:49.177150" level="INFO">Executing JavaScript:
const el = document.getElementById("inputBusca");el.dispatchEvent(new KeyboardEvent("keydown", { key: "Enter", bubbles: true }));el.dispatchEvent(new KeyboardEvent("keypress", { key: "Enter", bubbles: true }));el.dispatchEvent(new KeyboardEvent("keyup", { key: "Enter", bubbles: true }));
Without any arguments.</msg>
<arg>const el = document.getElementById("inputBusca");</arg>
<arg>el.dispatchEvent(new KeyboardEvent("keydown", { key: "Enter", bubbles: true }));</arg>
<arg>el.dispatchEvent(new KeyboardEvent("keypress", { key: "Enter", bubbles: true }));</arg>
<arg>el.dispatchEvent(new KeyboardEvent("keyup", { key: "Enter", bubbles: true }));</arg>
<doc>Executes the given JavaScript code with possible arguments.</doc>
<status status="PASS" start="2025-06-27T04:35:49.177150" elapsed="3.471312"/>
</kw>
<arg>${produto}</arg>
<status status="PASS" start="2025-06-27T04:35:49.139143" elapsed="3.510319"/>
</kw>
<kw name="Texto de um dos elementos deve ser" owner="ResultadosPage">
<kw name="Convert To Lower Case" owner="String">
<msg time="2025-06-27T04:35:52.652463" level="INFO">${produto_lower} = notebooks</msg>
<var>${produto_lower}</var>
<arg>${produto}</arg>
<doc>Converts string to lower case.</doc>
<status status="PASS" start="2025-06-27T04:35:52.651464" elapsed="0.001998"/>
</kw>
<kw name="Get Text" owner="SeleniumLibrary">
<msg time="2025-06-27T04:35:52.686466" level="INFO">${texto} = Você está em: 
Computadores &gt; Notebooks</msg>
<var>${texto}</var>
<arg>${locator}</arg>
<doc>Returns the text value of the element identified by ``locator``.</doc>
<status status="PASS" start="2025-06-27T04:35:52.653462" elapsed="0.033004"/>
</kw>
<kw name="Convert To Lower Case" owner="String">
<msg time="2025-06-27T04:35:52.687462" level="INFO">${texto_lower} = você está em: 
computadores &gt; notebooks</msg>
<var>${texto_lower}</var>
<arg>${texto}</arg>
<doc>Converts string to lower case.</doc>
<status status="PASS" start="2025-06-27T04:35:52.687462" elapsed="0.001000"/>
</kw>
<kw name="Evaluate" owner="BuiltIn">
<msg time="2025-06-27T04:35:52.689464" level="INFO">${match} = True</msg>
<var>${match}</var>
<arg>'''${produto_lower}''' in '''${texto_lower}'''</arg>
<doc>Evaluates the given expression in Python and returns the result.</doc>
<status status="PASS" start="2025-06-27T04:35:52.688462" elapsed="0.001999"/>
</kw>
<kw name="Run Keyword If" owner="BuiltIn">
<kw name="Return From Keyword" owner="BuiltIn">
<msg time="2025-06-27T04:35:52.691461" level="INFO">Returning from the enclosing user keyword.</msg>
<doc>Returns from the enclosing user keyword.</doc>
<status status="PASS" start="2025-06-27T04:35:52.691461" elapsed="0.000000"/>
</kw>
<arg>${match}</arg>
<arg>Return From Keyword</arg>
<doc>Runs the given keyword with the given arguments, if ``condition`` is true.</doc>
<status status="PASS" start="2025-06-27T04:35:52.690461" elapsed="0.001000"/>
</kw>
<kw name="Fail" owner="BuiltIn">
<arg>Nenhum dos elementos contem o texto esperado (ignorando maiusculas/minusculas): '${produto}'</arg>
<doc>Fails the test with the given message and optionally alters its tags.</doc>
<status status="NOT RUN" start="2025-06-27T04:35:52.691461" elapsed="0.001001"/>
</kw>
<arg>${produto}</arg>
<arg>${RESULTADO_BUSCA}</arg>
<status status="PASS" start="2025-06-27T04:35:52.649462" elapsed="0.043000"/>
</kw>
<arg>notebooks</arg>
<status status="PASS" start="2025-06-27T04:35:49.042139" elapsed="3.651327"/>
</kw>
<kw name="Quando seleciona o primeiro produto da lista" owner="ResultadosKeywords">
<kw name="Wait Until Element Is Visible" owner="SeleniumLibrary">
<arg>${PRIMEIRO_PRODUTO}</arg>
<doc>Waits until the element ``locator`` is visible.</doc>
<status status="PASS" start="2025-06-27T04:35:52.696462" elapsed="0.043000"/>
</kw>
<kw name="Click Element" owner="SeleniumLibrary">
<msg time="2025-06-27T04:35:52.741464" level="INFO">Clicking element 'xpath=(//a[contains(@class, 'productLink')])[1]'.</msg>
<arg>${PRIMEIRO_PRODUTO}</arg>
<doc>Click the element identified by ``locator``.</doc>
<status status="PASS" start="2025-06-27T04:35:52.740464" elapsed="3.059997"/>
</kw>
<kw name="Armazenar nome do produto" owner="ProdutoPage">
<kw name="Wait Until Element Is Visible" owner="SeleniumLibrary">
<arg>xpath=//h1</arg>
<doc>Waits until the element ``locator`` is visible.</doc>
<status status="PASS" start="2025-06-27T04:35:55.801462" elapsed="0.059007"/>
</kw>
<kw name="Get Text" owner="SeleniumLibrary">
<msg time="2025-06-27T04:35:55.884464" level="INFO">${nome} = Notebook Acer Aspire 5 AMD Ryzen7-5700U, 16GB RAM, SSD 512GB, 15.6" FHD IPS, AMD Radeon, Linux, Prata - A515-45-R74N</msg>
<var>${nome}</var>
<arg>xpath=//h1</arg>
<doc>Returns the text value of the element identified by ``locator``.</doc>
<status status="PASS" start="2025-06-27T04:35:55.861463" elapsed="0.024004"/>
</kw>
<kw name="Set Suite Variable" owner="BuiltIn">
<msg time="2025-06-27T04:35:55.888466" level="INFO">${NOME_PRODUTO_PRODUTOPAGE} = Notebook Acer Aspire 5 AMD Ryzen7-5700U, 16GB RAM, SSD 512GB, 15.6" FHD IPS, AMD Radeon, Linux, Prata - A515-45-R74N</msg>
<arg>${NOME_PRODUTO_PRODUTOPAGE}</arg>
<arg>${nome}</arg>
<doc>Makes a variable available everywhere within the scope of the current suite.</doc>
<status status="PASS" start="2025-06-27T04:35:55.885467" elapsed="0.002999"/>
</kw>
<status status="PASS" start="2025-06-27T04:35:55.801462" elapsed="0.088000"/>
</kw>
<status status="PASS" start="2025-06-27T04:35:52.695464" elapsed="3.193998"/>
</kw>
<kw name="E informa o CEP para consultar o frete" owner="ProdutoKeywords">
<kw name="Click Element" owner="SeleniumLibrary">
<msg time="2025-06-27T04:35:55.892461" level="INFO">Clicking element 'id:inputCalcularFrete'.</msg>
<arg>${CAMPO_CEP}</arg>
<doc>Click the element identified by ``locator``.</doc>
<status status="PASS" start="2025-06-27T04:35:55.891463" elapsed="0.258999"/>
</kw>
<kw name="Input Text" owner="SeleniumLibrary">
<msg time="2025-06-27T04:35:56.153463" level="INFO">Typing text '72852520' into text field 'id:inputCalcularFrete'.</msg>
<arg>${CAMPO_CEP}</arg>
<arg>${cep}</arg>
<doc>Types the given ``text`` into the text field identified by ``locator``.</doc>
<status status="PASS" start="2025-06-27T04:35:56.151463" elapsed="0.476998"/>
</kw>
<kw name="Click Element" owner="SeleniumLibrary">
<msg time="2025-06-27T04:35:56.629459" level="INFO">Clicking element 'id:botaoCalcularFrete'.</msg>
<arg>${BOTAO_CALCULAR_FRETE}</arg>
<doc>Click the element identified by ``locator``.</doc>
<status status="PASS" start="2025-06-27T04:35:56.629459" elapsed="0.262003"/>
</kw>
<arg>72852520</arg>
<status status="PASS" start="2025-06-27T04:35:55.890462" elapsed="1.002001"/>
</kw>
<kw name="Entao sao exibidas as opcoes de frete disponiveis" owner="ProdutoKeywords">
<kw name="Wait Until Element Is Visible" owner="SeleniumLibrary">
<arg>${LISTA_OPCOES_FRETE}</arg>
<doc>Waits until the element ``locator`` is visible.</doc>
<status status="PASS" start="2025-06-27T04:35:56.895474" elapsed="0.471816"/>
</kw>
<kw name="Element Should Contain" owner="SeleniumLibrary">
<msg time="2025-06-27T04:35:57.390316" level="INFO">Element 'id:listaOpcoesFrete' contains text 'Entrega Econômica'.</msg>
<arg>${LISTA_OPCOES_FRETE}</arg>
<arg>Entrega Econômica</arg>
<doc>Verifies that element ``locator`` contains text ``expected``.</doc>
<status status="PASS" start="2025-06-27T04:35:57.367290" elapsed="0.023026"/>
</kw>
<kw name="Element Should Contain" owner="SeleniumLibrary">
<msg time="2025-06-27T04:35:57.413286" level="INFO">Element 'id:listaOpcoesFrete' contains text 'R$'.</msg>
<arg>${LISTA_OPCOES_FRETE}</arg>
<arg>R$</arg>
<doc>Verifies that element ``locator`` contains text ``expected``.</doc>
<status status="PASS" start="2025-06-27T04:35:57.390316" elapsed="0.023995"/>
</kw>
<kw name="Element Should Contain" owner="SeleniumLibrary">
<msg time="2025-06-27T04:35:57.438286" level="INFO">Element 'id:listaOpcoesFrete' contains text 'Chegará até:'.</msg>
<arg>${LISTA_OPCOES_FRETE}</arg>
<arg>Chegará até:</arg>
<doc>Verifies that element ``locator`` contains text ``expected``.</doc>
<status status="PASS" start="2025-06-27T04:35:57.414311" elapsed="0.024976"/>
</kw>
<status status="PASS" start="2025-06-27T04:35:56.893462" elapsed="0.545825"/>
</kw>
<kw name="E o usuario fecha a tela de frete" owner="ProdutoKeywords">
<kw name="Click Element" owner="SeleniumLibrary">
<msg time="2025-06-27T04:35:57.441288" level="INFO">Clicking element 'css:div[role='dialog'] button[aria-label='Fechar']'.</msg>
<arg>${BOTAO_FECHAR_MODAL}</arg>
<doc>Click the element identified by ``locator``.</doc>
<status status="PASS" start="2025-06-27T04:35:57.440299" elapsed="0.154991"/>
</kw>
<status status="PASS" start="2025-06-27T04:35:57.440299" elapsed="0.155988"/>
</kw>
<kw name="Quando opta por comprar o produto" owner="ProdutoKeywords">
<kw name="Click Element" owner="SeleniumLibrary">
<msg time="2025-06-27T04:35:57.599292" level="INFO">Clicking element 'xpath=//div[@id='blocoValores']//button[.='COMPRAR']'.</msg>
<arg>${BOTAO_COMPRAR}</arg>
<doc>Click the element identified by ``locator``.</doc>
<status status="PASS" start="2025-06-27T04:35:57.598291" elapsed="0.242001"/>
</kw>
<status status="PASS" start="2025-06-27T04:35:57.597292" elapsed="0.244003"/>
</kw>
<kw name="E seleciona a garantia estendida com a quantidade de meses" owner="PreCarrinhoKeywords">
<kw name="Selecionar garantia em meses" owner="PreCarrinhoPage">
<kw name="Wait Until Element Is Visible" owner="SeleniumLibrary">
<arg>xpath=//span[contains(.,'${quantidade} Meses de garantia')]</arg>
<doc>Waits until the element ``locator`` is visible.</doc>
<status status="PASS" start="2025-06-27T04:35:57.844288" elapsed="2.783784"/>
</kw>
<kw name="Click Element" owner="SeleniumLibrary">
<msg time="2025-06-27T04:36:00.629072" level="INFO">Clicking element 'xpath=//span[contains(.,'12 Meses de garantia')]'.</msg>
<arg>xpath=//span[contains(.,'${quantidade} Meses de garantia')]</arg>
<doc>Click the element identified by ``locator``.</doc>
<status status="PASS" start="2025-06-27T04:36:00.628072" elapsed="0.128998"/>
</kw>
<kw name="Set Global Variable" owner="BuiltIn">
<msg time="2025-06-27T04:36:00.760070" level="INFO">${GARANTIA_MESES_PRECARRINHO} = 12</msg>
<arg>${GARANTIA_MESES_PRECARRINHO}</arg>
<arg>${quantidade}</arg>
<doc>Makes a variable available globally in all tests and suites.</doc>
<status status="PASS" start="2025-06-27T04:36:00.757070" elapsed="0.004002"/>
</kw>
<arg>${quantidade}</arg>
<status status="PASS" start="2025-06-27T04:35:57.843291" elapsed="2.917781"/>
</kw>
<arg>12</arg>
<status status="PASS" start="2025-06-27T04:35:57.842298" elapsed="2.918774"/>
</kw>
<kw name="E vai para o carrinho" owner="PreCarrinhoKeywords">
<kw name="Click Element" owner="SeleniumLibrary">
<msg time="2025-06-27T04:36:00.766071" level="INFO">Clicking element 'xpath=//button[.='Adicionar serviços']'.</msg>
<arg>${BOTAO_ADICIONAR_SERVICOS}</arg>
<doc>Click the element identified by ``locator``.</doc>
<status status="PASS" start="2025-06-27T04:36:00.764073" elapsed="3.050002"/>
</kw>
<status status="PASS" start="2025-06-27T04:36:00.762069" elapsed="3.053001"/>
</kw>
<kw name="Entao o produto deve estar presente no carrinho com a garantia selecionada" owner="CarrinhoKeywords">
<kw name="Wait Until Element Is Visible" owner="SeleniumLibrary">
<arg>${NOME_DO_PRODUTO_CARRINHO}</arg>
<doc>Waits until the element ``locator`` is visible.</doc>
<status status="PASS" start="2025-06-27T04:36:03.818072" elapsed="0.107000"/>
</kw>
<kw name="Element Should Contain" owner="SeleniumLibrary">
<msg time="2025-06-27T04:36:03.941066" level="INFO">Element 'xpath=//a[contains(@class, 'productName')]' contains text 'Notebook Acer Aspire 5 AMD Ryzen7-5700U, 16GB RAM, SSD 512GB, 15.6" FHD IPS, AMD Radeon, Linux, Prata - A515-45-R74N'.</msg>
<arg>${NOME_DO_PRODUTO_CARRINHO}</arg>
<arg>${NOME_PRODUTO_PRODUTOPAGE}</arg>
<doc>Verifies that element ``locator`` contains text ``expected``.</doc>
<status status="PASS" start="2025-06-27T04:36:03.925072" elapsed="0.016996"/>
</kw>
<kw name="Validar garantia selecionada" owner="CarrinhoPage">
<kw name="Set Variable" owner="BuiltIn">
<msg time="2025-06-27T04:36:03.944071" level="INFO">${xpath} = xpath=//label[.="12 Meses de Garantia Estendida Kabum"]/input</msg>
<var>${xpath}</var>
<arg>xpath=//label[.="${GARANTIA_MESES_PRECARRINHO} Meses de Garantia Estendida Kabum"]/input</arg>
<doc>Returns the given values which can then be assigned to a variables.</doc>
<status status="PASS" start="2025-06-27T04:36:03.943070" elapsed="0.002001"/>
</kw>
<kw name="Get Element Attribute" owner="SeleniumLibrary">
<msg time="2025-06-27T04:36:03.966067" level="INFO">${checked} = true</msg>
<var>${checked}</var>
<arg>${xpath}</arg>
<arg>checked</arg>
<doc>Returns the value of ``attribute`` from the element ``locator``.</doc>
<status status="PASS" start="2025-06-27T04:36:03.945071" elapsed="0.020996"/>
</kw>
<kw name="Should Be Equal As Strings" owner="BuiltIn">
<arg>${checked}</arg>
<arg>true</arg>
<doc>Fails if objects are unequal after converting them to strings.</doc>
<status status="PASS" start="2025-06-27T04:36:03.967069" elapsed="0.000999"/>
</kw>
<status status="PASS" start="2025-06-27T04:36:03.942068" elapsed="0.026000"/>
</kw>
<status status="PASS" start="2025-06-27T04:36:03.817075" elapsed="0.150993"/>
</kw>
<status status="PASS" start="2025-06-27T04:35:40.853152" elapsed="23.115918"/>
</test>
<doc>Cenário: Adicionar produto ao carrinho com sucesso
Este teste cobre a compra de um notebook com frete e garantia estendida.</doc>
<status status="PASS" start="2025-06-27T04:35:40.468344" elapsed="23.502726"/>
</suite>
<statistics>
<total>
<stat pass="1" fail="0" skip="0">All Tests</stat>
</total>
<tag>
</tag>
<suite>
<stat name="AdicionarNoCarrinhoTest" id="s1" pass="1" fail="0" skip="0">AdicionarNoCarrinhoTest</stat>
</suite>
</statistics>
<errors>
</errors>
</robot>
